# JRE version: Java(TM) SE Runtime Environment (8.0_121-b13) (build 1.8.0_121-b13)
# Java VM: Java HotSpot(TM) 64-Bit Server VM (25.121-b13 mixed mode windows-amd64 compressed oops)
Heap:
 PSYoungGen      total 474112K, used 416198K [0x00000000d5900000, 0x00000000fb800000, 0x0000000100000000)
  eden space 404992K, 85% used [0x00000000d5900000,0x00000000eac11288,0x00000000ee480000)
  from space 69120K, 99% used [0x00000000ee480000,0x00000000f27e06a0,0x00000000f2800000)
  to   space 69120K, 0% used [0x00000000f7480000,0x00000000f7480000,0x00000000fb800000)
 ParOldGen       total 1145344K, used 765757K [0x0000000080a00000, 0x00000000c6880000, 0x00000000d5900000)
  object space 1145344K, 66% used [0x0000000080a00000,0x00000000af5cf400,0x00000000c6880000)
 Metaspace       used 43925K, capacity 45848K, committed 46040K, reserved 1089536K
  class space    used 5782K, capacity 6322K, committed 6400K, reserved 1048576K
GC Heap History (10 events):
Event: 5.816 GC heap before
{Heap before GC invocations=11 (full 4):
 PSYoungGen      total 275456K, used 46566K [0x00000000d5900000, 0x00000000f6b80000, 0x0000000100000000)
  eden space 228864K, 0% used [0x00000000d5900000,0x00000000d5900000,0x00000000e3880000)
  from space 46592K, 99% used [0x00000000e3880000,0x00000000e65f9820,0x00000000e6600000)
  to   space 69120K, 0% used [0x00000000f2800000,0x00000000f2800000,0x00000000f6b80000)
 ParOldGen       total 244736K, used 244637K [0x0000000080a00000, 0x000000008f900000, 0x00000000d5900000)
  object space 244736K, 99% used [0x0000000080a00000,0x000000008f8e76a8,0x000000008f900000)
 Metaspace       used 42090K, capacity 43850K, committed 43992K, reserved 1087488K
  class space    used 5582K, capacity 6099K, committed 6144K, reserved 1048576K
Event: 7.119 GC heap after
Heap after GC invocations=11 (full 4):
 PSYoungGen      total 275456K, used 40389K [0x00000000d5900000, 0x00000000f6b80000, 0x0000000100000000)
  eden space 228864K, 0% used [0x00000000d5900000,0x00000000d5900000,0x00000000e3880000)
  from space 46592K, 86% used [0x00000000e3880000,0x00000000e5ff16c0,0x00000000e6600000)
  to   space 69120K, 0% used [0x00000000f2800000,0x00000000f2800000,0x00000000f6b80000)
 ParOldGen       total 433152K, used 244681K [0x0000000080a00000, 0x000000009b100000, 0x00000000d5900000)
  object space 433152K, 56% used [0x0000000080a00000,0x000000008f8f27b0,0x000000009b100000)
 Metaspace       used 42090K, capacity 43850K, committed 43992K, reserved 1087488K
  class space    used 5582K, capacity 6099K, committed 6144K, reserved 1048576K
}
Event: 7.567 GC heap before
{Heap before GC invocations=12 (full 4):
 PSYoungGen      total 275456K, used 269253K [0x00000000d5900000, 0x00000000f6b80000, 0x0000000100000000)
  eden space 228864K, 100% used [0x00000000d5900000,0x00000000e3880000,0x00000000e3880000)
  from space 46592K, 86% used [0x00000000e3880000,0x00000000e5ff16c0,0x00000000e6600000)
  to   space 69120K, 0% used [0x00000000f2800000,0x00000000f2800000,0x00000000f6b80000)
 ParOldGen       total 433152K, used 244681K [0x0000000080a00000, 0x000000009b100000, 0x00000000d5900000)
  object space 433152K, 56% used [0x0000000080a00000,0x000000008f8f27b0,0x000000009b100000)
 Metaspace       used 43041K, capacity 44822K, committed 45144K, reserved 1087488K
  class space    used 5672K, capacity 6165K, committed 6272K, reserved 1048576K
Event: 8.613 GC heap after
Heap after GC invocations=12 (full 4):
 PSYoungGen      total 440832K, used 69112K [0x00000000d5900000, 0x00000000f6b80000, 0x0000000100000000)
  eden space 371712K, 0% used [0x00000000d5900000,0x00000000d5900000,0x00000000ec400000)
  from space 69120K, 99% used [0x00000000f2800000,0x00000000f6b7e308,0x00000000f6b80000)
  to   space 69120K, 0% used [0x00000000ee480000,0x00000000ee480000,0x00000000f2800000)
 ParOldGen       total 433152K, used 430296K [0x0000000080a00000, 0x000000009b100000, 0x00000000d5900000)
  object space 433152K, 99% used [0x0000000080a00000,0x000000009ae36200,0x000000009b100000)
 Metaspace       used 43041K, capacity 44822K, committed 45144K, reserved 1087488K
  class space    used 5672K, capacity 6165K, committed 6272K, reserved 1048576K
}
Event: 8.613 GC heap before
{Heap before GC invocations=13 (full 5):
 PSYoungGen      total 440832K, used 69112K [0x00000000d5900000, 0x00000000f6b80000, 0x0000000100000000)
  eden space 371712K, 0% used [0x00000000d5900000,0x00000000d5900000,0x00000000ec400000)
  from space 69120K, 99% used [0x00000000f2800000,0x00000000f6b7e308,0x00000000f6b80000)
  to   space 69120K, 0% used [0x00000000ee480000,0x00000000ee480000,0x00000000f2800000)
 ParOldGen       total 433152K, used 430296K [0x0000000080a00000, 0x000000009b100000, 0x00000000d5900000)
  object space 433152K, 99% used [0x0000000080a00000,0x000000009ae36200,0x000000009b100000)
 Metaspace       used 43041K, capacity 44822K, committed 45144K, reserved 1087488K
  class space    used 5672K, capacity 6165K, committed 6272K, reserved 1048576K
Event: 11.642 GC heap after
Heap after GC invocations=13 (full 5):
 PSYoungGen      total 440832K, used 65472K [0x00000000d5900000, 0x00000000f6b80000, 0x0000000100000000)
  eden space 371712K, 0% used [0x00000000d5900000,0x00000000d5900000,0x00000000ec400000)
  from space 69120K, 94% used [0x00000000f2800000,0x00000000f67f0380,0x00000000f6b80000)
  to   space 69120K, 0% used [0x00000000ee480000,0x00000000ee480000,0x00000000f2800000)
 ParOldGen       total 692224K, used 432797K [0x0000000080a00000, 0x00000000aae00000, 0x00000000d5900000)
  object space 692224K, 62% used [0x0000000080a00000,0x000000009b0a7710,0x00000000aae00000)
 Metaspace       used 43041K, capacity 44822K, committed 45144K, reserved 1087488K
  class space    used 5672K, capacity 6165K, committed 6272K, reserved 1048576K
}
Event: 12.259 GC heap before
{Heap before GC invocations=14 (full 5):
 PSYoungGen      total 440832K, used 437184K [0x00000000d5900000, 0x00000000f6b80000, 0x0000000100000000)
  eden space 371712K, 100% used [0x00000000d5900000,0x00000000ec400000,0x00000000ec400000)
  from space 69120K, 94% used [0x00000000f2800000,0x00000000f67f0380,0x00000000f6b80000)
  to   space 69120K, 0% used [0x00000000ee480000,0x00000000ee480000,0x00000000f2800000)
 ParOldGen       total 692224K, used 432797K [0x0000000080a00000, 0x00000000aae00000, 0x00000000d5900000)
  object space 692224K, 62% used [0x0000000080a00000,0x000000009b0a7710,0x00000000aae00000)
 Metaspace       used 43810K, capacity 45708K, committed 46040K, reserved 1089536K
  class space    used 5772K, capacity 6318K, committed 6400K, reserved 1048576K
Event: 13.875 GC heap after
Heap after GC invocations=14 (full 5):
 PSYoungGen      total 474112K, used 69114K [0x00000000d5900000, 0x00000000fb800000, 0x0000000100000000)
  eden space 404992K, 0% used [0x00000000d5900000,0x00000000d5900000,0x00000000ee480000)
  from space 69120K, 99% used [0x00000000ee480000,0x00000000f27fea48,0x00000000f2800000)
  to   space 69120K, 0% used [0x00000000f7480000,0x00000000f7480000,0x00000000fb800000)
 ParOldGen       total 769536K, used 769113K [0x0000000080a00000, 0x00000000af980000, 0x00000000d5900000)
  object space 769536K, 99% used [0x0000000080a00000,0x00000000af916508,0x00000000af980000)
 Metaspace       used 43810K, capacity 45708K, committed 46040K, reserved 1089536K
  class space    used 5772K, capacity 6318K, committed 6400K, reserved 1048576K
}
Event: 13.875 GC heap before
{Heap before GC invocations=15 (full 6):
 PSYoungGen      total 474112K, used 69114K [0x00000000d5900000, 0x00000000fb800000, 0x0000000100000000)
  eden space 404992K, 0% used [0x00000000d5900000,0x00000000d5900000,0x00000000ee480000)
  from space 69120K, 99% used [0x00000000ee480000,0x00000000f27fea48,0x00000000f2800000)
  to   space 69120K, 0% used [0x00000000f7480000,0x00000000f7480000,0x00000000fb800000)
 ParOldGen       total 769536K, used 769113K [0x0000000080a00000, 0x00000000af980000, 0x00000000d5900000)
  object space 769536K, 99% used [0x0000000080a00000,0x00000000af916508,0x00000000af980000)
 Metaspace       used 43810K, capacity 45708K, committed 46040K, reserved 1089536K
  class space    used 5772K, capacity 6318K, committed 6400K, reserved 1048576K
Event: 17.827 GC heap after
Heap after GC invocations=15 (full 6):
 PSYoungGen      total 474112K, used 68993K [0x00000000d5900000, 0x00000000fb800000, 0x0000000100000000)
  eden space 404992K, 0% used [0x00000000d5900000,0x00000000d5900000,0x00000000ee480000)
  from space 69120K, 99% used [0x00000000ee480000,0x00000000f27e06a0,0x00000000f2800000)
  to   space 69120K, 0% used [0x00000000f7480000,0x00000000f7480000,0x00000000fb800000)
 ParOldGen       total 1145344K, used 765757K [0x0000000080a00000, 0x00000000c6880000, 0x00000000d5900000)
  object space 1145344K, 66% used [0x0000000080a00000,0x00000000af5cf400,0x00000000c6880000)
 Metaspace       used 43810K, capacity 45708K, committed 46040K, reserved 1089536K
  class space    used 5772K, capacity 6318K, committed 6400K, reserved 1048576K
}

